<?xml version="1.0" encoding="UTF-8"?>
<testsuite xmlns:xsi="http://www.w3.org/2001/XMLSchema-instance" xsi:noNamespaceSchemaLocation="https://maven.apache.org/surefire/maven-surefire-plugin/xsd/surefire-test-report.xsd" name="it.polimi.ingsw.PSP54.server.model.ApolloDecoratorTest" time="0.01" tests="6" errors="0" skipped="0" failures="0">
  <properties>
    <property name="java.specification.version" value="13"/>
    <property name="sun.jnu.encoding" value="UTF-8"/>
    <property name="java.class.path" value="/home/alessandro/IdeaProjects/ing-sw-2020-Ferrero-Fasoli-Battaglia/target/test-classes:/home/alessandro/.m2/repository/junit/junit/4.11/junit-4.11.jar:/home/alessandro/.m2/repository/org/hamcrest/hamcrest-core/1.3/hamcrest-core-1.3.jar:/home/alessandro/.m2/repository/org/openjfx/javafx-controls/11.0.2/javafx-controls-11.0.2.jar:/home/alessandro/.m2/repository/org/openjfx/javafx-graphics/11.0.2/javafx-graphics-11.0.2.jar:/home/alessandro/.m2/repository/org/openjfx/javafx-base/11.0.2/javafx-base-11.0.2.jar:/home/alessandro/.m2/repository/org/openjfx/javafx-fxml/11.0.2/javafx-fxml-11.0.2.jar:"/>
    <property name="java.vm.vendor" value="Oracle Corporation"/>
    <property name="sun.arch.data.model" value="64"/>
    <property name="java.vendor.url" value="https://java.oracle.com/"/>
    <property name="os.name" value="Linux"/>
    <property name="java.vm.specification.version" value="13"/>
    <property name="sun.java.launcher" value="SUN_STANDARD"/>
    <property name="user.country" value="GB"/>
    <property name="sun.boot.library.path" value="/usr/lib/jvm/jdk-13.0.2/lib"/>
    <property name="sun.java.command" value="org.apache.maven.surefire.booter.ForkedBooter /home/alessandro/IdeaProjects/ing-sw-2020-Ferrero-Fasoli-Battaglia/target/surefire 2020-05-26T14-51-06_763-jvmRun1 surefire4332956278226625940tmp surefire_05761358176147593349tmp"/>
    <property name="jdk.debug" value="release"/>
    <property name="surefire.test.class.path" value="/home/alessandro/IdeaProjects/ing-sw-2020-Ferrero-Fasoli-Battaglia/target/test-classes:/home/alessandro/.m2/repository/junit/junit/4.11/junit-4.11.jar:/home/alessandro/.m2/repository/org/hamcrest/hamcrest-core/1.3/hamcrest-core-1.3.jar:/home/alessandro/.m2/repository/org/openjfx/javafx-controls/11.0.2/javafx-controls-11.0.2.jar:/home/alessandro/.m2/repository/org/openjfx/javafx-graphics/11.0.2/javafx-graphics-11.0.2.jar:/home/alessandro/.m2/repository/org/openjfx/javafx-base/11.0.2/javafx-base-11.0.2.jar:/home/alessandro/.m2/repository/org/openjfx/javafx-fxml/11.0.2/javafx-fxml-11.0.2.jar:"/>
    <property name="sun.cpu.endian" value="little"/>
    <property name="user.home" value="/home/alessandro"/>
    <property name="user.language" value="en"/>
    <property name="java.specification.vendor" value="Oracle Corporation"/>
    <property name="jdk.module.path" value="/home/alessandro/IdeaProjects/ing-sw-2020-Ferrero-Fasoli-Battaglia/target/classes:/home/alessandro/.m2/repository/org/openjfx/javafx-controls/11.0.2/javafx-controls-11.0.2-linux.jar:/home/alessandro/.m2/repository/org/openjfx/javafx-graphics/11.0.2/javafx-graphics-11.0.2-linux.jar:/home/alessandro/.m2/repository/org/openjfx/javafx-base/11.0.2/javafx-base-11.0.2-linux.jar:/home/alessandro/.m2/repository/org/openjfx/javafx-fxml/11.0.2/javafx-fxml-11.0.2-linux.jar"/>
    <property name="java.version.date" value="2020-01-14"/>
    <property name="java.home" value="/usr/lib/jvm/jdk-13.0.2"/>
    <property name="basedir" value="/home/alessandro/IdeaProjects/ing-sw-2020-Ferrero-Fasoli-Battaglia"/>
    <property name="file.separator" value="/"/>
    <property name="java.vm.compressedOopsMode" value="32-bit"/>
    <property name="line.separator" value="&#10;"/>
    <property name="java.specification.name" value="Java Platform API Specification"/>
    <property name="java.vm.specification.vendor" value="Oracle Corporation"/>
    <property name="surefire.real.class.path" value="/home/alessandro/.m2/repository/org/apache/maven/surefire/surefire-booter/2.22.1/surefire-booter-2.22.1.jar:/home/alessandro/.m2/repository/org/apache/maven/surefire/surefire-api/2.22.1/surefire-api-2.22.1.jar:/home/alessandro/.m2/repository/org/apache/maven/surefire/surefire-logger-api/2.22.1/surefire-logger-api-2.22.1.jar:/home/alessandro/IdeaProjects/ing-sw-2020-Ferrero-Fasoli-Battaglia/target/test-classes:/home/alessandro/.m2/repository/junit/junit/4.11/junit-4.11.jar:/home/alessandro/.m2/repository/org/hamcrest/hamcrest-core/1.3/hamcrest-core-1.3.jar:/home/alessandro/.m2/repository/org/openjfx/javafx-controls/11.0.2/javafx-controls-11.0.2.jar:/home/alessandro/.m2/repository/org/openjfx/javafx-graphics/11.0.2/javafx-graphics-11.0.2.jar:/home/alessandro/.m2/repository/org/openjfx/javafx-base/11.0.2/javafx-base-11.0.2.jar:/home/alessandro/.m2/repository/org/openjfx/javafx-fxml/11.0.2/javafx-fxml-11.0.2.jar:/home/alessandro/.m2/repository/org/apache/maven/surefire/surefire-junit4/2.22.1/surefire-junit4-2.22.1.jar"/>
    <property name="sun.management.compiler" value="HotSpot 64-Bit Tiered Compilers"/>
    <property name="java.runtime.version" value="13.0.2+8"/>
    <property name="user.name" value="alessandro"/>
    <property name="path.separator" value=":"/>
    <property name="os.version" value="5.4.0-31-generic"/>
    <property name="java.runtime.name" value="Java(TM) SE Runtime Environment"/>
    <property name="file.encoding" value="UTF-8"/>
    <property name="java.vm.name" value="Java HotSpot(TM) 64-Bit Server VM"/>
    <property name="localRepository" value="/home/alessandro/.m2/repository"/>
    <property name="java.vendor.url.bug" value="https://bugreport.java.com/bugreport/"/>
    <property name="java.io.tmpdir" value="/tmp"/>
    <property name="java.version" value="13.0.2"/>
    <property name="user.dir" value="/home/alessandro/IdeaProjects/ing-sw-2020-Ferrero-Fasoli-Battaglia"/>
    <property name="os.arch" value="amd64"/>
    <property name="java.vm.specification.name" value="Java Virtual Machine Specification"/>
    <property name="idea.version2019.3.5" value="true"/>
    <property name="java.library.path" value="/usr/java/packages/lib:/usr/lib64:/lib64:/lib:/usr/lib"/>
    <property name="java.vm.info" value="mixed mode"/>
    <property name="java.vendor" value="Oracle Corporation"/>
    <property name="java.vm.version" value="13.0.2+8"/>
    <property name="sun.io.unicode.encoding" value="UnicodeLittle"/>
    <property name="java.class.version" value="57.0"/>
  </properties>
  <testcase name="setWorkerBoxesToMove_SomeOccupiedBoxesAndUpperLevelsBoardCenter_AdjacentBoxesExceptUpperLevels" classname="it.polimi.ingsw.PSP54.server.model.ApolloDecoratorTest" time="0"/>
  <testcase name="setWorkerBoxesToMove_SomeUpperLevelsOccupiedBoardCenter_AdjacentBoxesExceptUpperLevels" classname="it.polimi.ingsw.PSP54.server.model.ApolloDecoratorTest" time="0"/>
  <testcase name="move_GroundLevelCenter_OccupiedThrowException" classname="it.polimi.ingsw.PSP54.server.model.ApolloDecoratorTest" time="0"/>
  <testcase name="move_GroundLevelCenter_NorthWestSwap" classname="it.polimi.ingsw.PSP54.server.model.ApolloDecoratorTest" time="0"/>
  <testcase name="move_OccupiedByFellowWorker_ThrowException" classname="it.polimi.ingsw.PSP54.server.model.ApolloDecoratorTest" time="0.002"/>
  <testcase name="setWorkerBoxesToMove_EmptyBoardsCenter_AllAdjacentBoxes" classname="it.polimi.ingsw.PSP54.server.model.ApolloDecoratorTest" time="0"/>
</testsuite>